[35m[Appium][39m Welcome to Appium v1.22.3
[35m[Appium][39m Non-default server args:
[35m[Appium][39m   port: 51245
[35m[Appium][39m   loglevel: info
[35m[Appium][39m   tmpDir: C:\Users\LENOVO\AppData\Local\Temp\\Katalon\Appium\Temp1708525021812
[35m[Appium][39m Appium REST http interface listener started on 0.0.0.0:51245
[35m[HTTP][39m [37m-->[39m [37mGET[39m [37m/wd/hub/status[39m
[35m[HTTP][39m [90m{}[39m
[35m[HTTP][39m [37m<-- GET /wd/hub/status [39m[32m200[39m [90m8 ms - 68[39m
[35m[HTTP][39m [90m[39m
[35m[HTTP][39m [37m-->[39m [37mGET[39m [37m/wd/hub/status[39m
[35m[HTTP][39m [90m{}[39m
[35m[HTTP][39m [37m<-- GET /wd/hub/status [39m[32m200[39m [90m2 ms - 68[39m
[35m[HTTP][39m [90m[39m
[35m[HTTP][39m [37m-->[39m [37mPOST[39m [37m/wd/hub/session[39m
[35m[HTTP][39m [90m{"desiredCapabilities":{"appPackage":"com.android.settings","appWaitforLaunch":false,"appWaitActivity":"*","deviceId":"651c5fb4","deviceName":"OPPO CPH2145 (Android 12)","appActivity":".Settings","newCommandTimeout":1800,"platformVersion":"12","automationName":"uiautomator2","autoGrantPermissions":true,"platformName":"Android","udid":"651c5fb4","systemPort":8247},"capabilities":{"firstMatch":[{"appium:appActivity":".Settings","appium:appPackage":"com.android.settings","appium:appWaitActivity":"*","appWaitforLaunch":false,"appium:autoGrantPermissions":true,"appium:automationName":"uiautomator2","deviceId":"651c5fb4","appium:deviceName":"OPPO CPH2145 (Android 12)","appium:newCommandTimeout":1800,"platformName":"android","appium:platformVersion":"12","appium:systemPort":8247,"appium:udid":"651c5fb4"}]}}[39m
[35m[BaseDriver][39m The following capabilities are not standard capabilities and should have an extension prefix:
[35m[BaseDriver][39m   appWaitforLaunch
[35m[BaseDriver][39m   deviceId
[35m[Appium][39m Appium v1.22.3 creating new AndroidUiautomator2Driver (v1.70.1) session
[35m[BaseDriver][39m The following capabilities were provided, but are not recognized by Appium:
[35m[BaseDriver][39m   appWaitforLaunch
[35m[BaseDriver][39m   deviceId
[35m[BaseDriver][39m Session created with session id: 5dd4df40-0386-4bda-89c5-bcd831525d3a
[35m[UiAutomator2][39m Starting 'com.android.settings' directly on the device
[35m[ADB][39m Found 1 'build-tools' folders under 'C:\Users\LENOVO\AppData\Local\Android\Sdk' (newest first):
[35m[ADB][39m     C:/Users/LENOVO/AppData/Local/Android/Sdk/build-tools/34.0.0
[35m[ADB][39m Using 'adb.exe' from 'C:\Users\LENOVO\AppData\Local\Android\Sdk\platform-tools\adb.exe'
[35m[AndroidDriver][39m Retrieving device list
[35m[AndroidDriver][39m Using device: 651c5fb4
[35m[ADB][39m Using 'adb.exe' from 'C:\Users\LENOVO\AppData\Local\Android\Sdk\platform-tools\adb.exe'
[35m[ADB][39m Getting device platform version
[35m[UiAutomator2][39m Relaxing hidden api policy
[35m[AndroidDriver][39m No app sent in, not parsing package/activity
[35m[ADB][39m Using 'apksigner.jar' from 'C:\Users\LENOVO\AppData\Local\Android\Sdk\build-tools\34.0.0\lib\apksigner.jar'
[35m[ADB][39m 'C:\Users\LENOVO\AppData\Roaming\npm\node_modules\appium\node_modules\appium-uiautomator2-server\apks\appium-uiautomator2-server-v4.27.0.apk' is signed with the default certificate
[35m[ADB][39m 'C:\Users\LENOVO\AppData\Roaming\npm\node_modules\appium\node_modules\appium-uiautomator2-server\apks\appium-uiautomator2-server-debug-androidTest.apk' is signed with the default certificate
[35m[UiAutomator2][39m Server packages are not going to be (re)installed
[35m[ADB][39m Adding packages ["io.appium.settings","io.appium.uiautomator2.server","io.appium.uiautomator2.server.test"] to Doze whitelist
[35m[UiAutomator2][39m Starting UIAutomator2 server 4.27.0
[35m[UiAutomator2][39m Using UIAutomator2 server from 'C:\Users\LENOVO\AppData\Roaming\npm\node_modules\appium\node_modules\appium-uiautomator2-server\apks\appium-uiautomator2-server-v4.27.0.apk' and test from 'C:\Users\LENOVO\AppData\Roaming\npm\node_modules\appium\node_modules\appium-uiautomator2-server\apks\appium-uiautomator2-server-debug-androidTest.apk'
[35m[UiAutomator2][39m Waiting up to 30000ms for UiAutomator2 to be online...
[35m[WD Proxy][39m socket hang up
[35m[WD Proxy][39m socket hang up
[35m[WD Proxy][39m socket hang up
[35m[WD Proxy][39m Determined the downstream protocol as 'W3C'
[35m[AndroidDriver][39m Screen already unlocked, doing nothing
[35m[UiAutomator2][39m Starting 'com.android.settings/.Settings and waiting for 'com.android.settings/*'
[35m[Appium][39m New AndroidUiautomator2Driver session created successfully, session 5dd4df40-0386-4bda-89c5-bcd831525d3a added to master session list
[35m[HTTP][39m [37m<-- POST /wd/hub/session [39m[32m200[39m [90m13254 ms - 1201[39m
[35m[HTTP][39m [90m[39m
[35m[HTTP][39m [37m-->[39m [37mGET[39m [37m/wd/hub/session/5dd4df40-0386-4bda-89c5-bcd831525d3a[39m
[35m[HTTP][39m [90m{}[39m
[35m[HTTP][39m [37m<-- GET /wd/hub/session/5dd4df40-0386-4bda-89c5-bcd831525d3a [39m[32m200[39m [90m15 ms - 1155[39m
[35m[HTTP][39m [90m[39m
[35m[HTTP][39m [37m-->[39m [37mGET[39m [37m/wd/hub/session/5dd4df40-0386-4bda-89c5-bcd831525d3a[39m
[35m[HTTP][39m [90m{}[39m
[35m[HTTP][39m [37m<-- GET /wd/hub/session/5dd4df40-0386-4bda-89c5-bcd831525d3a [39m[32m200[39m [90m18 ms - 1155[39m
[35m[HTTP][39m [90m[39m
[35m[HTTP][39m [37m-->[39m [37mGET[39m [37m/wd/hub/status[39m
[35m[HTTP][39m [90m{}[39m
[35m[HTTP][39m [37m<-- GET /wd/hub/status [39m[32m200[39m [90m1 ms - 68[39m
[35m[HTTP][39m [90m[39m
[35m[HTTP][39m [37m-->[39m [37mPOST[39m [37m/wd/hub/session/5dd4df40-0386-4bda-89c5-bcd831525d3a/timeouts[39m
[35m[HTTP][39m [90m{"implicit":60000}[39m
[35m[HTTP][39m [37m<-- POST /wd/hub/session/5dd4df40-0386-4bda-89c5-bcd831525d3a/timeouts [39m[32m200[39m [90m4 ms - 14[39m
[35m[HTTP][39m [90m[39m
[35m[HTTP][39m [37m-->[39m [37mGET[39m [37m/wd/hub/session/5dd4df40-0386-4bda-89c5-bcd831525d3a/appium/device/system_bars[39m
[35m[HTTP][39m [90m{}[39m
[35m[HTTP][39m [37m<-- GET /wd/hub/session/5dd4df40-0386-4bda-89c5-bcd831525d3a/appium/device/system_bars [39m[32m200[39m [90m147 ms - 145[39m
[35m[HTTP][39m [90m[39m
[35m[HTTP][39m [37m-->[39m [37mPOST[39m [37m/wd/hub/session/5dd4df40-0386-4bda-89c5-bcd831525d3a/execute/sync[39m
[35m[HTTP][39m [90m{"script":"mobile:viewportRect","args":[]}[39m
[35m[AndroidDriver][39m Executing native command 'mobile:viewportRect'
[35m[HTTP][39m [37m<-- POST /wd/hub/session/5dd4df40-0386-4bda-89c5-bcd831525d3a/execute/sync [39m[32m200[39m [90m26 ms - 57[39m
[35m[HTTP][39m [90m[39m
[35m[HTTP][39m [37m-->[39m [37mPOST[39m [37m/wd/hub/session/5dd4df40-0386-4bda-89c5-bcd831525d3a/appium/device/activate_app[39m
[35m[HTTP][39m [90m{"bundleId":"id.binar.fp.secondhand"}[39m
[35m[HTTP][39m [37m<-- POST /wd/hub/session/5dd4df40-0386-4bda-89c5-bcd831525d3a/appium/device/activate_app [39m[32m200[39m [90m595 ms - 14[39m
[35m[HTTP][39m [90m[39m
[35m[HTTP][39m [37m-->[39m [37mGET[39m [37m/wd/hub/session/5dd4df40-0386-4bda-89c5-bcd831525d3a/source[39m
[35m[HTTP][39m [90m{}[39m
[35m[W3C (5dd4df40)][39m Driver proxy active, passing request on via HTTP proxy
[35m[WD Proxy][39m Replacing sessionId 684fc534-b84c-4460-8b42-bf307d8fcd9e with 5dd4df40-0386-4bda-89c5-bcd831525d3a
[35m[HTTP][39m [37m<-- GET /wd/hub/session/5dd4df40-0386-4bda-89c5-bcd831525d3a/source [39m[32m200[39m [90m1017 ms - 27148[39m
[35m[HTTP][39m [90m[39m
[35m[HTTP][39m [37m-->[39m [37mGET[39m [37m/wd/hub/session/5dd4df40-0386-4bda-89c5-bcd831525d3a/screenshot[39m
[35m[HTTP][39m [90m{}[39m
[35m[HTTP][39m [37m<-- GET /wd/hub/session/5dd4df40-0386-4bda-89c5-bcd831525d3a/screenshot [39m[32m200[39m [90m624 ms - 143676[39m
[35m[HTTP][39m [90m[39m
[35m[HTTP][39m [37m-->[39m [37mPOST[39m [37m/wd/hub/session/5dd4df40-0386-4bda-89c5-bcd831525d3a/elements[39m
[35m[HTTP][39m [90m{"using":"xpath","value":"//*[@class = 'android.widget.TextView' and (@text = 'Putri Test 2' or . = 'Putri Test 2') and @resource-id = 'id.binar.fp.secondhand:id/tv_name']"}[39m
[35m[HTTP][39m [37m<-- POST /wd/hub/session/5dd4df40-0386-4bda-89c5-bcd831525d3a/elements [39m[32m200[39m [90m1235 ms - 139[39m
[35m[HTTP][39m [90m[39m
[35m[HTTP][39m [37m-->[39m [37mPOST[39m [37m/wd/hub/session/5dd4df40-0386-4bda-89c5-bcd831525d3a/elements[39m
[35m[HTTP][39m [90m{"using":"xpath","value":"//*[@class = 'android.widget.TextView' and (@text = 'adrianiputri282@gmail.com' or . = 'adrianiputri282@gmail.com') and @resource-id = 'id.binar.fp.secondhand:id/tv_email']"}[39m
[35m[HTTP][39m [37m<-- POST /wd/hub/session/5dd4df40-0386-4bda-89c5-bcd831525d3a/elements [39m[32m200[39m [90m522 ms - 139[39m
[35m[HTTP][39m [90m[39m
[35m[HTTP][39m [37m-->[39m [37mDELETE[39m [37m/wd/hub/session/5dd4df40-0386-4bda-89c5-bcd831525d3a[39m
[35m[HTTP][39m [90m{}[39m
[35m[Appium][39m Removing session 5dd4df40-0386-4bda-89c5-bcd831525d3a from our master session list
[35m[UiAutomator2][39m Restoring hidden api policy to the device default configuration
[35m[HTTP][39m [37m<-- DELETE /wd/hub/session/5dd4df40-0386-4bda-89c5-bcd831525d3a [39m[32m200[39m [90m541 ms - 14[39m
[35m[HTTP][39m [90m[39m
